# JRE version: Java(TM) SE Runtime Environment (21.0+35) (build 21+35-LTS-2513)
# Java VM: Java HotSpot(TM) 64-Bit Server VM (21+35-LTS-2513, mixed mode, sharing, tiered, compressed oops, compressed class ptrs, g1 gc, windows-amd64)
GC Precious Log:
 CardTable entry size: 512
 Card Set container configuration: InlinePtr #cards 4 size 8 Array Of Cards #cards 16 size 48 Howl #buckets 8 coarsen threshold 3686 Howl Bitmap #cards 512 size 80 coarsen threshold 460 Card regions per heap region 1 cards per card region 4096
 CPUs: 8 total, 8 available
 Memory: 15747M
 Large Page Support: Disabled
 NUMA Support: Disabled
 Compressed Oops: Enabled (Zero based)
 Heap Region Size: 2M
 Heap Min Capacity: 8M
 Heap Initial Capacity: 248M
 Heap Max Capacity: 3938M
 Pre-touch: Disabled
 Parallel Workers: 8
 Concurrent Workers: 2
 Concurrent Refinement Workers: 8
 Periodic GC: Disabled
Heap:
 garbage-first heap   total 79872K, used 53985K [0x0000000709e00000, 0x0000000800000000)
  region size 2048K, 8 young (16384K), 1 survivors (2048K)
 Metaspace       used 77257K, committed 79168K, reserved 1179648K
  class space    used 10052K, committed 10752K, reserved 1048576K
GC Heap History (20 events):
Event: 7.348 GC heap before
{Heap before GC invocations=12 (full 0):
 garbage-first heap   total 71680K, used 60262K [0x0000000709e00000, 0x0000000800000000)
  region size 2048K, 18 young (36864K), 2 survivors (4096K)
 Metaspace       used 64091K, committed 64896K, reserved 1114112K
  class space    used 8546K, committed 8896K, reserved 1048576K
}
Event: 7.353 GC heap after
{Heap after GC invocations=13 (full 0):
 garbage-first heap   total 71680K, used 31038K [0x0000000709e00000, 0x0000000800000000)
  region size 2048K, 3 young (6144K), 3 survivors (6144K)
 Metaspace       used 64091K, committed 64896K, reserved 1114112K
  class space    used 8546K, committed 8896K, reserved 1048576K
}
Event: 12.750 GC heap before
{Heap before GC invocations=13 (full 0):
 garbage-first heap   total 71680K, used 55614K [0x0000000709e00000, 0x0000000800000000)
  region size 2048K, 16 young (32768K), 3 survivors (6144K)
 Metaspace       used 68672K, committed 69440K, reserved 1114112K
  class space    used 9154K, committed 9472K, reserved 1048576K
}
Event: 12.760 GC heap after
{Heap after GC invocations=14 (full 0):
 garbage-first heap   total 71680K, used 34259K [0x0000000709e00000, 0x0000000800000000)
  region size 2048K, 2 young (4096K), 2 survivors (4096K)
 Metaspace       used 68672K, committed 69440K, reserved 1114112K
  class space    used 9154K, committed 9472K, reserved 1048576K
}
Event: 329.875 GC heap before
{Heap before GC invocations=14 (full 0):
 garbage-first heap   total 71680K, used 58835K [0x0000000709e00000, 0x0000000800000000)
  region size 2048K, 15 young (30720K), 2 survivors (4096K)
 Metaspace       used 73127K, committed 73920K, reserved 1114112K
  class space    used 9720K, committed 10048K, reserved 1048576K
}
Event: 329.880 GC heap after
{Heap after GC invocations=15 (full 0):
 garbage-first heap   total 71680K, used 35687K [0x0000000709e00000, 0x0000000800000000)
  region size 2048K, 1 young (2048K), 1 survivors (2048K)
 Metaspace       used 73127K, committed 73920K, reserved 1114112K
  class space    used 9720K, committed 10048K, reserved 1048576K
}
Event: 330.126 GC heap before
{Heap before GC invocations=15 (full 0):
 garbage-first heap   total 71680K, used 43879K [0x0000000709e00000, 0x0000000800000000)
  region size 2048K, 7 young (14336K), 1 survivors (2048K)
 Metaspace       used 74265K, committed 75264K, reserved 1114112K
  class space    used 9894K, committed 10368K, reserved 1048576K
}
Event: 330.129 GC heap after
{Heap after GC invocations=16 (full 0):
 garbage-first heap   total 71680K, used 38212K [0x0000000709e00000, 0x0000000800000000)
  region size 2048K, 2 young (4096K), 2 survivors (4096K)
 Metaspace       used 74265K, committed 75264K, reserved 1114112K
  class space    used 9894K, committed 10368K, reserved 1048576K
}
Event: 330.370 GC heap before
{Heap before GC invocations=17 (full 0):
 garbage-first heap   total 71680K, used 62788K [0x0000000709e00000, 0x0000000800000000)
  region size 2048K, 13 young (26624K), 2 survivors (4096K)
 Metaspace       used 76133K, committed 77056K, reserved 1179648K
  class space    used 10046K, committed 10432K, reserved 1048576K
}
Event: 330.374 GC heap after
{Heap after GC invocations=18 (full 0):
 garbage-first heap   total 71680K, used 40394K [0x0000000709e00000, 0x0000000800000000)
  region size 2048K, 2 young (4096K), 2 survivors (4096K)
 Metaspace       used 76133K, committed 77056K, reserved 1179648K
  class space    used 10046K, committed 10432K, reserved 1048576K
}
Event: 330.856 GC heap before
{Heap before GC invocations=18 (full 0):
 garbage-first heap   total 71680K, used 58826K [0x0000000709e00000, 0x0000000800000000)
  region size 2048K, 11 young (22528K), 2 survivors (4096K)
 Metaspace       used 77711K, committed 78784K, reserved 1179648K
  class space    used 10249K, committed 10752K, reserved 1048576K
}
Event: 330.861 GC heap after
{Heap after GC invocations=19 (full 0):
 garbage-first heap   total 71680K, used 41354K [0x0000000709e00000, 0x0000000800000000)
  region size 2048K, 2 young (4096K), 2 survivors (4096K)
 Metaspace       used 77711K, committed 78784K, reserved 1179648K
  class space    used 10249K, committed 10752K, reserved 1048576K
}
Event: 1003.848 GC heap before
{Heap before GC invocations=19 (full 0):
 garbage-first heap   total 71680K, used 59786K [0x0000000709e00000, 0x0000000800000000)
  region size 2048K, 11 young (22528K), 2 survivors (4096K)
 Metaspace       used 77925K, committed 78976K, reserved 1179648K
  class space    used 10252K, committed 10752K, reserved 1048576K
}
Event: 1003.852 GC heap after
{Heap after GC invocations=20 (full 0):
 garbage-first heap   total 71680K, used 41739K [0x0000000709e00000, 0x0000000800000000)
  region size 2048K, 1 young (2048K), 1 survivors (2048K)
 Metaspace       used 77925K, committed 78976K, reserved 1179648K
  class space    used 10252K, committed 10752K, reserved 1048576K
}
Event: 1803.777 GC heap before
{Heap before GC invocations=21 (full 0):
 garbage-first heap   total 79872K, used 60171K [0x0000000709e00000, 0x0000000800000000)
  region size 2048K, 10 young (20480K), 1 survivors (2048K)
 Metaspace       used 78034K, committed 79104K, reserved 1179648K
  class space    used 10263K, committed 10752K, reserved 1048576K
}
Event: 1803.785 GC heap after
{Heap after GC invocations=22 (full 0):
 garbage-first heap   total 79872K, used 42000K [0x0000000709e00000, 0x0000000800000000)
  region size 2048K, 1 young (2048K), 1 survivors (2048K)
 Metaspace       used 78034K, committed 79104K, reserved 1179648K
  class space    used 10263K, committed 10752K, reserved 1048576K
}
Event: 3574.703 GC heap before
{Heap before GC invocations=22 (full 0):
 garbage-first heap   total 79872K, used 68624K [0x0000000709e00000, 0x0000000800000000)
  region size 2048K, 14 young (28672K), 1 survivors (2048K)
 Metaspace       used 78084K, committed 79104K, reserved 1179648K
  class space    used 10263K, committed 10752K, reserved 1048576K
}
Event: 3574.712 GC heap after
{Heap after GC invocations=23 (full 0):
 garbage-first heap   total 79872K, used 41721K [0x0000000709e00000, 0x0000000800000000)
  region size 2048K, 1 young (2048K), 1 survivors (2048K)
 Metaspace       used 78084K, committed 79104K, reserved 1179648K
  class space    used 10263K, committed 10752K, reserved 1048576K
}
Event: 4889.606 GC heap before
{Heap before GC invocations=23 (full 0):
 garbage-first heap   total 79872K, used 70393K [0x0000000709e00000, 0x0000000800000000)
  region size 2048K, 15 young (30720K), 1 survivors (2048K)
 Metaspace       used 78110K, committed 79168K, reserved 1179648K
  class space    used 10263K, committed 10752K, reserved 1048576K
}
Event: 4889.617 GC heap after
{Heap after GC invocations=24 (full 0):
 garbage-first heap   total 79872K, used 41697K [0x0000000709e00000, 0x0000000800000000)
  region size 2048K, 1 young (2048K), 1 survivors (2048K)
 Metaspace       used 78110K, committed 79168K, reserved 1179648K
  class space    used 10263K, committed 10752K, reserved 1048576K
}

